<?xml version="1.0" encoding="UTF-8"?>
<coverage generated="1680345330363" clover="3.2.0">
  <project timestamp="1680345330363" name="All files">
    <metrics statements="22" coveredstatements="22" conditionals="0" coveredconditionals="0" methods="9" coveredmethods="9" elements="31" coveredelements="31" complexity="0" loc="22" ncloc="22" packages="1" files="2" classes="2"/>
    <file name="notesModel.js" path="/Users/chang/Desktop/github_repo/makers_academy/02_makers_exercises/06_JS_front_end_learning/02_phase_02/notes_app/notesModel.js">
      <metrics statements="5" coveredstatements="5" conditionals="0" coveredconditionals="0" methods="4" coveredmethods="4"/>
      <line num="3" count="8" type="stmt"/>
      <line num="7" count="8" type="stmt"/>
      <line num="11" count="10" type="stmt"/>
      <line num="15" count="1" type="stmt"/>
      <line num="19" count="2" type="stmt"/>
    </file>
    <file name="notesView.js" path="/Users/chang/Desktop/github_repo/makers_academy/02_makers_exercises/06_JS_front_end_learning/02_phase_02/notes_app/notesView.js">
      <metrics statements="17" coveredstatements="17" conditionals="0" coveredconditionals="0" methods="5" coveredmethods="5"/>
      <line num="3" count="4" type="stmt"/>
      <line num="4" count="4" type="stmt"/>
      <line num="5" count="4" type="stmt"/>
      <line num="7" count="4" type="stmt"/>
      <line num="9" count="3" type="stmt"/>
      <line num="10" count="3" type="stmt"/>
      <line num="11" count="3" type="stmt"/>
      <line num="12" count="3" type="stmt"/>
      <line num="17" count="4" type="stmt"/>
      <line num="18" count="4" type="stmt"/>
      <line num="20" count="4" type="stmt"/>
      <line num="21" count="4" type="stmt"/>
      <line num="22" count="6" type="stmt"/>
      <line num="23" count="6" type="stmt"/>
      <line num="24" count="6" type="stmt"/>
      <line num="25" count="6" type="stmt"/>
      <line num="30" count="1" type="stmt"/>
    </file>
  </project>
</coverage>
