TN:
SF:notesModel.js
FN:2,(anonymous_0)
FN:6,(anonymous_1)
FN:10,(anonymous_2)
FN:14,(anonymous_3)
FNF:4
FNH:4
FNDA:8,(anonymous_0)
FNDA:8,(anonymous_1)
FNDA:10,(anonymous_2)
FNDA:1,(anonymous_3)
DA:3,8
DA:7,8
DA:11,10
DA:15,1
DA:19,2
LF:5
LH:5
BRF:0
BRH:0
end_of_record
TN:
SF:notesView.js
FN:2,(anonymous_0)
FN:7,(anonymous_1)
FN:16,(anonymous_2)
FN:18,(anonymous_3)
FN:21,(anonymous_4)
FNF:5
FNH:5
FNDA:4,(anonymous_0)
FNDA:3,(anonymous_1)
FNDA:4,(anonymous_2)
FNDA:1,(anonymous_3)
FNDA:6,(anonymous_4)
DA:3,4
DA:4,4
DA:5,4
DA:7,4
DA:9,3
DA:10,3
DA:11,3
DA:12,3
DA:17,4
DA:18,4
DA:20,4
DA:21,4
DA:22,6
DA:23,6
DA:24,6
DA:25,6
DA:30,1
LF:17
LH:17
BRF:0
BRH:0
end_of_record
