<?xml version="1.0" encoding="UTF-8"?>
<coverage generated="1680349366439" clover="3.2.0">
  <project timestamp="1680349366439" name="All files">
    <metrics statements="51" coveredstatements="40" conditionals="0" coveredconditionals="0" methods="30" coveredmethods="21" elements="81" coveredelements="61" complexity="0" loc="51" ncloc="51" packages="1" files="3" classes="3"/>
    <file name="notesClient.js" path="/Users/chang/Desktop/github_repo/makers_academy/02_makers_exercises/06_JS_front_end_learning/03_phase_03/notes_app/notesClient.js">
      <metrics statements="12" coveredstatements="7" conditionals="0" coveredconditionals="0" methods="11" coveredmethods="6"/>
      <line num="14" count="3" type="stmt"/>
      <line num="15" count="3" type="stmt"/>
      <line num="16" count="3" type="stmt"/>
      <line num="18" count="0" type="stmt"/>
      <line num="23" count="1" type="stmt"/>
      <line num="29" count="1" type="stmt"/>
      <line num="30" count="1" type="stmt"/>
      <line num="32" count="0" type="stmt"/>
      <line num="38" count="0" type="stmt"/>
      <line num="43" count="0" type="stmt"/>
      <line num="44" count="0" type="stmt"/>
      <line num="49" count="2" type="stmt"/>
    </file>
    <file name="notesModel.js" path="/Users/chang/Desktop/github_repo/makers_academy/02_makers_exercises/06_JS_front_end_learning/03_phase_03/notes_app/notesModel.js">
      <metrics statements="7" coveredstatements="7" conditionals="0" coveredconditionals="0" methods="6" coveredmethods="6"/>
      <line num="3" count="10" type="stmt"/>
      <line num="7" count="10" type="stmt"/>
      <line num="11" count="3" type="stmt"/>
      <line num="12" count="2" type="stmt"/>
      <line num="17" count="7" type="stmt"/>
      <line num="21" count="4" type="stmt"/>
      <line num="25" count="2" type="stmt"/>
    </file>
    <file name="notesView.js" path="/Users/chang/Desktop/github_repo/makers_academy/02_makers_exercises/06_JS_front_end_learning/03_phase_03/notes_app/notesView.js">
      <metrics statements="32" coveredstatements="26" conditionals="0" coveredconditionals="0" methods="13" coveredmethods="9"/>
      <line num="3" count="7" type="stmt"/>
      <line num="4" count="7" type="stmt"/>
      <line num="6" count="7" type="stmt"/>
      <line num="7" count="7" type="stmt"/>
      <line num="8" count="7" type="stmt"/>
      <line num="10" count="7" type="stmt"/>
      <line num="12" count="1" type="stmt"/>
      <line num="13" count="1" type="stmt"/>
      <line num="15" count="1" type="stmt"/>
      <line num="16" count="1" type="stmt"/>
      <line num="17" count="0" type="stmt"/>
      <line num="18" count="1" type="stmt"/>
      <line num="21" count="7" type="stmt"/>
      <line num="22" count="1" type="stmt"/>
      <line num="27" count="4" type="stmt"/>
      <line num="28" count="4" type="stmt"/>
      <line num="30" count="4" type="stmt"/>
      <line num="31" count="4" type="stmt"/>
      <line num="32" count="4" type="stmt"/>
      <line num="33" count="4" type="stmt"/>
      <line num="34" count="4" type="stmt"/>
      <line num="35" count="4" type="stmt"/>
      <line num="40" count="3" type="stmt"/>
      <line num="41" count="3" type="stmt"/>
      <line num="42" count="3" type="stmt"/>
      <line num="43" count="3" type="stmt"/>
      <line num="44" count="0" type="stmt"/>
      <line num="49" count="0" type="stmt"/>
      <line num="50" count="0" type="stmt"/>
      <line num="51" count="0" type="stmt"/>
      <line num="52" count="0" type="stmt"/>
      <line num="56" count="1" type="stmt"/>
    </file>
  </project>
</coverage>
