{"/Users/chang/Desktop/github_repo/makers_academy/02_makers_exercises/06_JS_front_end_learning/03_phase_03/notes_app/notesClient.js": {"path":"/Users/chang/Desktop/github_repo/makers_academy/02_makers_exercises/06_JS_front_end_learning/03_phase_03/notes_app/notesClient.js","statementMap":{"0":{"start":{"line":14,"column":6},"end":{"line":19,"column":8}},"1":{"start":{"line":15,"column":24},"end":{"line":15,"column":39}},"2":{"start":{"line":16,"column":20},"end":{"line":16,"column":34}},"3":{"start":{"line":18,"column":8},"end":{"line":18,"column":25}},"4":{"start":{"line":23,"column":4},"end":{"line":33,"column":8}},"5":{"start":{"line":29,"column":24},"end":{"line":29,"column":39}},"6":{"start":{"line":30,"column":22},"end":{"line":30,"column":36}},"7":{"start":{"line":32,"column":8},"end":{"line":32,"column":25}},"8":{"start":{"line":38,"column":4},"end":{"line":44,"column":37}},"9":{"start":{"line":43,"column":24},"end":{"line":43,"column":39}},"10":{"start":{"line":44,"column":22},"end":{"line":44,"column":36}},"11":{"start":{"line":49,"column":0},"end":{"line":49,"column":32}}},"fnMap":{"0":{"name":"(anonymous_0)","decl":{"start":{"line":13,"column":2},"end":{"line":13,"column":3}},"loc":{"start":{"line":13,"column":36},"end":{"line":20,"column":3}},"line":13},"1":{"name":"(anonymous_1)","decl":{"start":{"line":15,"column":12},"end":{"line":15,"column":13}},"loc":{"start":{"line":15,"column":24},"end":{"line":15,"column":39}},"line":15},"2":{"name":"(anonymous_2)","decl":{"start":{"line":16,"column":12},"end":{"line":16,"column":13}},"loc":{"start":{"line":16,"column":20},"end":{"line":16,"column":34}},"line":16},"3":{"name":"(anonymous_3)","decl":{"start":{"line":17,"column":13},"end":{"line":17,"column":14}},"loc":{"start":{"line":17,"column":20},"end":{"line":19,"column":7}},"line":17},"4":{"name":"(anonymous_4)","decl":{"start":{"line":22,"column":2},"end":{"line":22,"column":3}},"loc":{"start":{"line":22,"column":43},"end":{"line":34,"column":3}},"line":22},"5":{"name":"(anonymous_5)","decl":{"start":{"line":29,"column":12},"end":{"line":29,"column":13}},"loc":{"start":{"line":29,"column":24},"end":{"line":29,"column":39}},"line":29},"6":{"name":"(anonymous_6)","decl":{"start":{"line":30,"column":12},"end":{"line":30,"column":13}},"loc":{"start":{"line":30,"column":22},"end":{"line":30,"column":36}},"line":30},"7":{"name":"(anonymous_7)","decl":{"start":{"line":31,"column":13},"end":{"line":31,"column":14}},"loc":{"start":{"line":31,"column":22},"end":{"line":33,"column":7}},"line":31},"8":{"name":"(anonymous_8)","decl":{"start":{"line":37,"column":2},"end":{"line":37,"column":3}},"loc":{"start":{"line":37,"column":18},"end":{"line":45,"column":3}},"line":37},"9":{"name":"(anonymous_9)","decl":{"start":{"line":43,"column":12},"end":{"line":43,"column":13}},"loc":{"start":{"line":43,"column":24},"end":{"line":43,"column":39}},"line":43},"10":{"name":"(anonymous_10)","decl":{"start":{"line":44,"column":12},"end":{"line":44,"column":13}},"loc":{"start":{"line":44,"column":22},"end":{"line":44,"column":36}},"line":44}},"branchMap":{},"s":{"0":3,"1":3,"2":3,"3":0,"4":1,"5":1,"6":1,"7":0,"8":0,"9":0,"10":0,"11":2},"f":{"0":3,"1":3,"2":3,"3":0,"4":1,"5":1,"6":1,"7":0,"8":0,"9":0,"10":0},"b":{},"_coverageSchema":"1a1c01bbd47fc00a2c39e90264f33305004495a9","hash":"f9a158a44e082c1bd546323f1f7df9356d260352"}
,"/Users/chang/Desktop/github_repo/makers_academy/02_makers_exercises/06_JS_front_end_learning/03_phase_03/notes_app/notesModel.js": {"path":"/Users/chang/Desktop/github_repo/makers_academy/02_makers_exercises/06_JS_front_end_learning/03_phase_03/notes_app/notesModel.js","statementMap":{"0":{"start":{"line":3,"column":4},"end":{"line":3,"column":20}},"1":{"start":{"line":7,"column":4},"end":{"line":7,"column":22}},"2":{"start":{"line":11,"column":4},"end":{"line":13,"column":6}},"3":{"start":{"line":12,"column":6},"end":{"line":12,"column":28}},"4":{"start":{"line":17,"column":4},"end":{"line":17,"column":28}},"5":{"start":{"line":21,"column":4},"end":{"line":21,"column":20}},"6":{"start":{"line":25,"column":0},"end":{"line":25,"column":31}}},"fnMap":{"0":{"name":"(anonymous_0)","decl":{"start":{"line":2,"column":2},"end":{"line":2,"column":3}},"loc":{"start":{"line":2,"column":16},"end":{"line":4,"column":3}},"line":2},"1":{"name":"(anonymous_1)","decl":{"start":{"line":6,"column":2},"end":{"line":6,"column":3}},"loc":{"start":{"line":6,"column":13},"end":{"line":8,"column":3}},"line":6},"2":{"name":"(anonymous_2)","decl":{"start":{"line":10,"column":2},"end":{"line":10,"column":3}},"loc":{"start":{"line":10,"column":18},"end":{"line":14,"column":3}},"line":10},"3":{"name":"(anonymous_3)","decl":{"start":{"line":11,"column":18},"end":{"line":11,"column":19}},"loc":{"start":{"line":11,"column":28},"end":{"line":13,"column":5}},"line":11},"4":{"name":"(anonymous_4)","decl":{"start":{"line":16,"column":2},"end":{"line":16,"column":3}},"loc":{"start":{"line":16,"column":18},"end":{"line":18,"column":3}},"line":16},"5":{"name":"(anonymous_5)","decl":{"start":{"line":20,"column":2},"end":{"line":20,"column":3}},"loc":{"start":{"line":20,"column":10},"end":{"line":22,"column":3}},"line":20}},"branchMap":{},"s":{"0":10,"1":10,"2":3,"3":2,"4":7,"5":4,"6":2},"f":{"0":10,"1":10,"2":3,"3":2,"4":7,"5":4},"b":{},"_coverageSchema":"1a1c01bbd47fc00a2c39e90264f33305004495a9","hash":"43bea5b916d5dd19fcaf5df649e1e4bf3cafd9b1"}
,"/Users/chang/Desktop/github_repo/makers_academy/02_makers_exercises/06_JS_front_end_learning/03_phase_03/notes_app/notesView.js": {"path":"/Users/chang/Desktop/github_repo/makers_academy/02_makers_exercises/06_JS_front_end_learning/03_phase_03/notes_app/notesView.js","statementMap":{"0":{"start":{"line":3,"column":4},"end":{"line":3,"column":25}},"1":{"start":{"line":4,"column":4},"end":{"line":4,"column":23}},"2":{"start":{"line":6,"column":4},"end":{"line":6,"column":70}},"3":{"start":{"line":7,"column":4},"end":{"line":7,"column":54}},"4":{"start":{"line":8,"column":4},"end":{"line":8,"column":62}},"5":{"start":{"line":10,"column":4},"end":{"line":19,"column":7}},"6":{"start":{"line":12,"column":20},"end":{"line":12,"column":60}},"7":{"start":{"line":13,"column":22},"end":{"line":13,"column":48}},"8":{"start":{"line":15,"column":6},"end":{"line":17,"column":39}},"9":{"start":{"line":16,"column":8},"end":{"line":16,"column":35}},"10":{"start":{"line":17,"column":16},"end":{"line":17,"column":38}},"11":{"start":{"line":18,"column":6},"end":{"line":18,"column":23}},"12":{"start":{"line":21,"column":4},"end":{"line":23,"column":7}},"13":{"start":{"line":22,"column":6},"end":{"line":22,"column":62}},"14":{"start":{"line":22,"column":32},"end":{"line":22,"column":58}},"15":{"start":{"line":27,"column":22},"end":{"line":27,"column":59}},"16":{"start":{"line":28,"column":4},"end":{"line":28,"column":47}},"17":{"start":{"line":28,"column":32},"end":{"line":28,"column":45}},"18":{"start":{"line":30,"column":18},"end":{"line":30,"column":39}},"19":{"start":{"line":31,"column":4},"end":{"line":36,"column":7}},"20":{"start":{"line":32,"column":21},"end":{"line":32,"column":50}},"21":{"start":{"line":33,"column":6},"end":{"line":33,"column":35}},"22":{"start":{"line":34,"column":6},"end":{"line":34,"column":30}},"23":{"start":{"line":35,"column":6},"end":{"line":35,"column":40}},"24":{"start":{"line":40,"column":4},"end":{"line":44,"column":37}},"25":{"start":{"line":41,"column":6},"end":{"line":41,"column":25}},"26":{"start":{"line":42,"column":6},"end":{"line":42,"column":33}},"27":{"start":{"line":43,"column":6},"end":{"line":43,"column":26}},"28":{"start":{"line":44,"column":14},"end":{"line":44,"column":36}},"29":{"start":{"line":49,"column":19},"end":{"line":49,"column":48}},"30":{"start":{"line":50,"column":4},"end":{"line":50,"column":33}},"31":{"start":{"line":51,"column":4},"end":{"line":51,"column":52}},"32":{"start":{"line":52,"column":4},"end":{"line":52,"column":38}},"33":{"start":{"line":56,"column":0},"end":{"line":56,"column":31}}},"fnMap":{"0":{"name":"(anonymous_0)","decl":{"start":{"line":2,"column":2},"end":{"line":2,"column":3}},"loc":{"start":{"line":2,"column":29},"end":{"line":24,"column":3}},"line":2},"1":{"name":"(anonymous_1)","decl":{"start":{"line":10,"column":44},"end":{"line":10,"column":45}},"loc":{"start":{"line":10,"column":50},"end":{"line":19,"column":5}},"line":10},"2":{"name":"(anonymous_2)","decl":{"start":{"line":15,"column":38},"end":{"line":15,"column":39}},"loc":{"start":{"line":15,"column":44},"end":{"line":17,"column":7}},"line":15},"3":{"name":"(anonymous_3)","decl":{"start":{"line":17,"column":9},"end":{"line":17,"column":10}},"loc":{"start":{"line":17,"column":16},"end":{"line":17,"column":38}},"line":17},"4":{"name":"(anonymous_4)","decl":{"start":{"line":21,"column":45},"end":{"line":21,"column":46}},"loc":{"start":{"line":21,"column":51},"end":{"line":23,"column":5}},"line":21},"5":{"name":"(anonymous_5)","decl":{"start":{"line":22,"column":24},"end":{"line":22,"column":25}},"loc":{"start":{"line":22,"column":30},"end":{"line":22,"column":60}},"line":22},"6":{"name":"(anonymous_6)","decl":{"start":{"line":26,"column":2},"end":{"line":26,"column":3}},"loc":{"start":{"line":26,"column":17},"end":{"line":37,"column":3}},"line":26},"7":{"name":"(anonymous_7)","decl":{"start":{"line":28,"column":22},"end":{"line":28,"column":23}},"loc":{"start":{"line":28,"column":32},"end":{"line":28,"column":45}},"line":28},"8":{"name":"(anonymous_8)","decl":{"start":{"line":31,"column":18},"end":{"line":31,"column":19}},"loc":{"start":{"line":31,"column":28},"end":{"line":36,"column":5}},"line":31},"9":{"name":"(anonymous_9)","decl":{"start":{"line":39,"column":2},"end":{"line":39,"column":3}},"loc":{"start":{"line":39,"column":24},"end":{"line":45,"column":3}},"line":39},"10":{"name":"(anonymous_10)","decl":{"start":{"line":40,"column":26},"end":{"line":40,"column":27}},"loc":{"start":{"line":40,"column":35},"end":{"line":44,"column":5}},"line":40},"11":{"name":"(anonymous_11)","decl":{"start":{"line":44,"column":7},"end":{"line":44,"column":8}},"loc":{"start":{"line":44,"column":14},"end":{"line":44,"column":36}},"line":44},"12":{"name":"(anonymous_12)","decl":{"start":{"line":47,"column":2},"end":{"line":47,"column":3}},"loc":{"start":{"line":47,"column":20},"end":{"line":53,"column":3}},"line":47}},"branchMap":{},"s":{"0":7,"1":7,"2":7,"3":7,"4":7,"5":7,"6":1,"7":1,"8":1,"9":1,"10":0,"11":1,"12":7,"13":1,"14":1,"15":4,"16":4,"17":0,"18":4,"19":4,"20":4,"21":4,"22":4,"23":4,"24":3,"25":3,"26":3,"27":3,"28":0,"29":0,"30":0,"31":0,"32":0,"33":1},"f":{"0":7,"1":1,"2":1,"3":0,"4":1,"5":1,"6":4,"7":0,"8":4,"9":3,"10":3,"11":0,"12":0},"b":{},"_coverageSchema":"1a1c01bbd47fc00a2c39e90264f33305004495a9","hash":"73fa3d633a873662d976f9aef5cb8272d053077a"}
}
